<?xml version="1.0" encoding="UTF-8"?>
<!-- Generated by org.testng.reporters.JUnitXMLReporter -->
<testsuite ignored="0" hostname="NODLTP52093562A" failures="0" tests="3" name="Test" time="19.73" errors="0" timestamp="2020-09-24T08:36:52 IST">
  <testcase classname="Project.HomePageTest" name="basetest" time="5.428"/>
  <testcase classname="Project.HomePageTest" name="basetest" time="3.277"/>
  <testcase classname="Project.validateTitleTest" name="basetest" time="0.167"/>
</testsuite> <!-- Test -->
