<?xml version="1.0" encoding="UTF-8"?>
<!-- Generated by org.testng.reporters.JUnitXMLReporter -->
<testsuite ignored="0" hostname="NODLTP52093562A" failures="0" tests="3" name="Validating home" time="49.593" errors="0" timestamp="2020-09-25T15:41:47 IST">
  <testcase classname="Project.validateTitleTest" name="basetest" time="0.971"/>
  <testcase classname="Project.HomePageTest" name="basetest" time="23.94"/>
  <testcase classname="Project.HomePageTest" name="basetest" time="2.676"/>
</testsuite> <!-- Validating home -->
