<?xml version="1.0" encoding="UTF-8"?>
<!-- Generated by org.testng.reporters.JUnitXMLReporter -->
<testsuite ignored="0" hostname="NODLTP52093562A" failures="0" tests="3" name="Validating home" time="23.36" errors="0" timestamp="2020-09-24T16:11:10 IST">
  <testcase classname="Project.validateTitleTest" name="basetest" time="1.115"/>
  <testcase classname="Project.HomePageTest" name="basetest" time="13.541"/>
  <testcase classname="Project.HomePageTest" name="basetest" time="4.843"/>
</testsuite> <!-- Validating home -->
