<?xml version="1.0" encoding="UTF-8"?>
<testng-results ignored="0" total="2" passed="2" failed="0" skipped="0">
  <reporter-output>
  </reporter-output>
  <suite started-at="2020-09-25T15:40:56 IST" name="Suite" finished-at="2020-09-25T15:41:46 IST" duration-ms="49593">
    <groups>
    </groups>
    <test started-at="2020-09-25T15:40:56 IST" name="Validating home" finished-at="2020-09-25T15:41:46 IST" duration-ms="49593">
      <class name="Project.HomePageTest">
        <test-method is-config="true" signature="initial()[pri:0, instance:Project.HomePageTest@1698ee84]" started-at="2020-09-25T15:40:56 IST" name="initial" finished-at="2020-09-25T15:41:15 IST" duration-ms="19505" status="PASS">
          <reporter-output>
          </reporter-output>
        </test-method> <!-- initial -->
        <test-method signature="basetest(java.lang.String, java.lang.String)[pri:0, instance:Project.HomePageTest@1698ee84]" started-at="2020-09-25T15:41:15 IST" name="basetest" data-provider="getdata" finished-at="2020-09-25T15:41:39 IST" duration-ms="23940" status="PASS">
          <params>
            <param index="0">
              <value>
                <![CDATA[Firstuser@abc.com]]>
              </value>
            </param>
            <param index="1">
              <value>
                <![CDATA[First pswd]]>
              </value>
            </param>
          </params>
          <reporter-output>
          </reporter-output>
        </test-method> <!-- basetest -->
        <test-method signature="basetest(java.lang.String, java.lang.String)[pri:0, instance:Project.HomePageTest@1698ee84]" started-at="2020-09-25T15:41:39 IST" name="basetest" data-provider="getdata" finished-at="2020-09-25T15:41:42 IST" duration-ms="2676" status="PASS">
          <params>
            <param index="0">
              <value>
                <![CDATA[Seconduser@abc.com]]>
              </value>
            </param>
            <param index="1">
              <value>
                <![CDATA[Second Pswd]]>
              </value>
            </param>
          </params>
          <reporter-output>
          </reporter-output>
        </test-method> <!-- basetest -->
        <test-method is-config="true" signature="terdown()[pri:0, instance:Project.HomePageTest@1698ee84]" started-at="2020-09-25T15:41:42 IST" name="terdown" finished-at="2020-09-25T15:41:46 IST" duration-ms="3399" status="PASS">
          <reporter-output>
          </reporter-output>
        </test-method> <!-- terdown -->
      </class> <!-- Project.HomePageTest -->
    </test> <!-- Validating home -->
  </suite> <!-- Suite -->
</testng-results>
