<?xml version="1.0" encoding="UTF-8"?>
<testng-results ignored="0" total="2" passed="2" failed="0" skipped="0">
  <reporter-output>
  </reporter-output>
  <suite started-at="2020-09-24T16:10:45 IST" name="Suite" finished-at="2020-09-24T16:11:09 IST" duration-ms="23360">
    <groups>
    </groups>
    <test started-at="2020-09-24T16:10:45 IST" name="Validating home" finished-at="2020-09-24T16:11:09 IST" duration-ms="23360">
      <class name="Project.HomePageTest">
        <test-method is-config="true" signature="initial()[pri:0, instance:Project.HomePageTest@63b1d4fa]" started-at="2020-09-24T16:10:45 IST" name="initial" finished-at="2020-09-24T16:10:50 IST" duration-ms="4418" status="PASS">
          <reporter-output>
          </reporter-output>
        </test-method> <!-- initial -->
        <test-method signature="basetest(java.lang.String, java.lang.String)[pri:0, instance:Project.HomePageTest@63b1d4fa]" started-at="2020-09-24T16:10:50 IST" name="basetest" data-provider="getdata" finished-at="2020-09-24T16:11:04 IST" duration-ms="13541" status="PASS">
          <params>
            <param index="0">
              <value>
                <![CDATA[Firstuser@abc.com]]>
              </value>
            </param>
            <param index="1">
              <value>
                <![CDATA[First pswd]]>
              </value>
            </param>
          </params>
          <reporter-output>
          </reporter-output>
        </test-method> <!-- basetest -->
        <test-method signature="basetest(java.lang.String, java.lang.String)[pri:0, instance:Project.HomePageTest@63b1d4fa]" started-at="2020-09-24T16:11:04 IST" name="basetest" data-provider="getdata" finished-at="2020-09-24T16:11:08 IST" duration-ms="4843" status="PASS">
          <params>
            <param index="0">
              <value>
                <![CDATA[Seconduser@abc.com]]>
              </value>
            </param>
            <param index="1">
              <value>
                <![CDATA[Second Pswd]]>
              </value>
            </param>
          </params>
          <reporter-output>
          </reporter-output>
        </test-method> <!-- basetest -->
        <test-method is-config="true" signature="terdown()[pri:0, instance:Project.HomePageTest@63b1d4fa]" started-at="2020-09-24T16:11:08 IST" name="terdown" finished-at="2020-09-24T16:11:09 IST" duration-ms="387" status="PASS">
          <reporter-output>
          </reporter-output>
        </test-method> <!-- terdown -->
      </class> <!-- Project.HomePageTest -->
    </test> <!-- Validating home -->
  </suite> <!-- Suite -->
</testng-results>
