<?xml version="1.0" encoding="UTF-8"?>
<testsuite xmlns:xsi="http://www.w3.org/2001/XMLSchema-instance" xsi:noNamespaceSchemaLocation="https://maven.apache.org/surefire/maven-surefire-plugin/xsd/surefire-test-report-3.0.xsd" version="3.0" name="TestSuite" time="26.972" tests="3" errors="0" skipped="0" failures="0">
  <properties>
[...]
</properties>
  <testcase name="basetest" classname="Project.validateTitleTest" time="1.095">
    <system-out><![CDATA[16:10:51.386 [TestNG-tests-2] INFO  resources.base - Driver Initialize
16:10:59.233 [TestNG-tests-2] INFO  resources.base - Site Reached
16:10:59.786 [TestNG-tests-2] INFO  resources.base - Text is equals
16:11:00.346 [TestNG-tests-2] INFO  resources.base - Navigation bar is displayed
]]></system-out>
    <system-err><![CDATA[Starting ChromeDriver 85.0.4183.83 (94abc2237ae0c9a4cb5f035431c8adfb94324633-refs/branch-heads/4183@{#1658}) on port 45800
Only local connections are allowed.
Please see https://chromedriver.chromium.org/security-considerations for suggestions on keeping ChromeDriver safe.
ChromeDriver was started successfully.
Starting ChromeDriver 85.0.4183.83 (94abc2237ae0c9a4cb5f035431c8adfb94324633-refs/branch-heads/4183@{#1658}) on port 36201
Only local connections are allowed.
Please see https://chromedriver.chromium.org/security-considerations for suggestions on keeping ChromeDriver safe.
ChromeDriver was started successfully.
Sep 24, 2020 4:10:50 PM org.openqa.selenium.remote.ProtocolHandshake createSession
INFO: Detected dialect: W3C
Sep 24, 2020 4:10:51 PM org.openqa.selenium.remote.ProtocolHandshake createSession
INFO: Detected dialect: W3C
]]></system-err>
  </testcase>
  <testcase name="basetest[Firstuser@abc.com, First pswd](1)" classname="Project.HomePageTest" time="4.793">
    <system-out><![CDATA[16:11:03.329 [TestNG-tests-1] INFO  resources.base - Firstuser@abc.com
16:11:03.538 [TestNG-tests-1] INFO  resources.base - First pswd
]]></system-out>
  </testcase>
  <testcase name="basetest[Seconduser@abc.com, Second Pswd](2)" classname="Project.HomePageTest" time="4.842">
    <system-out><![CDATA[16:11:08.029 [TestNG-tests-1] INFO  resources.base - Seconduser@abc.com
16:11:08.203 [TestNG-tests-1] INFO  resources.base - Second Pswd
]]></system-out>
  </testcase>
</testsuite>