<?xml version="1.0" encoding="UTF-8"?>
<testsuite xmlns:xsi="http://www.w3.org/2001/XMLSchema-instance" xsi:noNamespaceSchemaLocation="https://maven.apache.org/surefire/maven-surefire-plugin/xsd/surefire-test-report-3.0.xsd" version="3.0" name="TestSuite" time="53.348" tests="3" errors="0" skipped="0" failures="0">
  <properties>
[...]
</properties>
  <testcase name="basetest" classname="Project.validateTitleTest" time="0.989">
    <system-out><![CDATA[15:41:15.955 [TestNG-tests-2] INFO  resources.base - Driver Initialize
15:41:30.924 [TestNG-tests-2] INFO  resources.base - Site Reached
15:41:31.383 [TestNG-tests-2] INFO  resources.base - Text is equals
15:41:31.895 [TestNG-tests-2] INFO  resources.base - Navigation bar is displayed
]]></system-out>
    <system-err><![CDATA[1166001100228866557737367	6g	ecgkeodcrkivoedr	rINiFvOe	rL	isIteNFOn	iLnigs toennin g1 o2n7 .1027..00..01.:12:9207880
64
1601028658112	mo160zr1un0ne2r:8:6r58un1n1er	2I	NFmO	Ruonznrinugn nceorm:m:arnudn:n e"rC	:I\N\FPOr	oRgurnanmi nFgi lceosmm\a\nMdo:z i"lCl:a\ F\iPrreofgorxam\\ fFiirleefso\x\.eMxeo" z"-i-mlarlioane ttFe"i "r-feorfeogrxou\nd\" f"i-nro-erefmootxe."e x"e-"p ro"f--imlae"r i"oCn:e\t\tUes"e r"s-\f\o5r20eg93r5o6un2d\"\ A"p-pnDo-remote" "-profile" "C:\\aUstear\s\\\L5o2c0a9l3\5\6T2e\m\pA\p\prDusatt_mao\z\pLroocfaill\e\uTre3mYpa\w\"r
ust_mozprofileqMUlIY"
JJavaSacvraiScpritpt  eerrror:r resoourrc:e :/r/geres/mooduurlecse/:X/UL/Sgtroe/mordeu.ljessm/, liXnUeL S6t6o:r Eerr.ojrs:m,  Calni'tne f i6n6d: p rEorrfile directory.
or: Can't find profile directory.
console.error: SearchCache: "_readCacheFile: Error reading cache file:" (new Error("", "(unknown module)"))
console.error: SearchCache: "_readCacheFile: Error reading cache file:" (new Error("", "(unknown module)"))
1601028674104	Marionette	INFO	Listening on port 65373
1601028674106	Marionette	INFO	Listening on port 65372
1601028675020	Marionette	WARN	TLS certificate errors will be ignored for this session
1601028675058	Marionette	WARN	TLS certificate errors will be ignored for this session
Sep 25, 2020 3:41:15 PM org.openqa.selenium.remote.ProtocolHandshake createSession
INFO: Detected dialect: W3C
Sep 25, 2020 3:41:15 PM org.openqa.selenium.remote.ProtocolHandshake createSession
INFO: Detected dialect: W3C
]]></system-err>
  </testcase>
  <testcase name="basetest[Firstuser@abc.com, First pswd](1)" classname="Project.HomePageTest" time="9.058">
    <system-out><![CDATA[15:41:38.486 [TestNG-tests-1] INFO  resources.base - Firstuser@abc.com
15:41:38.538 [TestNG-tests-1] INFO  resources.base - First pswd
]]></system-out>
    <system-err><![CDATA[1601028691936	Marionette	INFO	Stopped listening on port 65373

###!!! [Child][RunMessage] Error: Channel closing: too late to send/recv, messages will be lost

]]></system-err>
  </testcase>
  <testcase name="basetest[Seconduser@abc.com, Second Pswd](2)" classname="Project.HomePageTest" time="2.66">
    <system-out><![CDATA[15:41:42.331 [TestNG-tests-1] INFO  resources.base - Seconduser@abc.com
15:41:42.379 [TestNG-tests-1] INFO  resources.base - Second Pswd
]]></system-out>
  </testcase>
</testsuite>