<?xml version="1.0" encoding="UTF-8"?>
<testng-results ignored="0" total="2" passed="2" failed="0" skipped="0">
  <reporter-output>
  </reporter-output>
  <suite started-at="2020-09-28T11:49:41 IST" name="Default suite" finished-at="2020-09-28T11:50:08 IST" duration-ms="26657">
    <groups>
    </groups>
    <test started-at="2020-09-28T11:49:41 IST" name="Default test" finished-at="2020-09-28T11:50:08 IST" duration-ms="26657">
      <class name="Project.HomePageTest">
        <test-method is-config="true" signature="initial()[pri:0, instance:Project.HomePageTest@3a12c404]" started-at="2020-09-28T11:49:41 IST" name="initial" finished-at="2020-09-28T11:49:51 IST" duration-ms="9978" status="PASS">
          <reporter-output>
          </reporter-output>
        </test-method> <!-- initial -->
        <test-method signature="basetest(java.lang.String, java.lang.String)[pri:0, instance:Project.HomePageTest@3a12c404]" started-at="2020-09-28T11:49:51 IST" name="basetest" data-provider="getdata" finished-at="2020-09-28T11:50:00 IST" duration-ms="9467" status="PASS">
          <params>
            <param index="0">
              <value>
                <![CDATA[Firstuser@abc.com]]>
              </value>
            </param>
            <param index="1">
              <value>
                <![CDATA[First pswd]]>
              </value>
            </param>
          </params>
          <reporter-output>
          </reporter-output>
        </test-method> <!-- basetest -->
        <test-method signature="basetest(java.lang.String, java.lang.String)[pri:0, instance:Project.HomePageTest@3a12c404]" started-at="2020-09-28T11:50:00 IST" name="basetest" data-provider="getdata" finished-at="2020-09-28T11:50:05 IST" duration-ms="4957" status="PASS">
          <params>
            <param index="0">
              <value>
                <![CDATA[Seconduser@abc.com]]>
              </value>
            </param>
            <param index="1">
              <value>
                <![CDATA[Second Pswd]]>
              </value>
            </param>
          </params>
          <reporter-output>
          </reporter-output>
        </test-method> <!-- basetest -->
        <test-method is-config="true" signature="terdown()[pri:0, instance:Project.HomePageTest@3a12c404]" started-at="2020-09-28T11:50:06 IST" name="terdown" finished-at="2020-09-28T11:50:08 IST" duration-ms="2115" status="PASS">
          <reporter-output>
          </reporter-output>
        </test-method> <!-- terdown -->
      </class> <!-- Project.HomePageTest -->
    </test> <!-- Default test -->
  </suite> <!-- Default suite -->
</testng-results>
